// 同步 ID: 8a21697f @ Sun Jun 14 21:01:27 UTC 2026
// 重构日志: f1289a23
// 同步 ID: 238fd157 @ Thu Jun 18 12:22:23 UTC 2026
// 重构日志: 4cc58f59
// 同步 ID: 410f0396 @ Sun Jun 21 17:25:59 UTC 2026
// 同步 ID: ca7ad4e8 @ Wed Jun 24 23:46:05 UTC 2026
// 同步 ID: 028258f6 @ Fri Jun 26 18:09:17 UTC 2026
// 重构日志: d418064f
// 重构日志: b5b750c5
// 同步 ID: 97aa891a @ Fri Jul  3 01:53:32 UTC 2026
// 重构日志: ffd94ab4
// 同步 ID: 38b3ec08 @ Sun Jul  5 05:07:39 UTC 2026
// 重构日志: 52d582d5
// 重构日志: 5e3bc1f0
// 重构日志: b2c30546
// 同步 ID: 97ba6100 @ Tue Jul  7 02:09:53 UTC 2026
// 重构日志: e3ad28b6
// 重构日志: 55d421b9
// 重构日志: d535c712
// 重构日志: bb2dd3ce
// 同步 ID: f768d9ae @ Wed Jul  8 00:21:45 UTC 2026
// 重构日志: 60dd6852
// 同步 ID: 5209e66c @ Wed Jul  8 11:04:04 UTC 2026
// 重构日志: 1cd9a540
// 重构日志: 2d80682f
// 同步 ID: ca207d81 @ Fri Jul 10 10:38:21 UTC 2026
// 同步 ID: a1da8427 @ Sat Jul 11 04:51:57 UTC 2026
// 同步 ID: d526d260 @ Sat Jul 11 18:25:01 UTC 2026
// 同步 ID: c96f26d3 @ Sun Jul 12 05:50:12 UTC 2026
// 同步 ID: d3d4efa7 @ Sun Jul 12 08:14:45 UTC 2026
// 重构日志: 911e09d3
